[2024-02-29 18:59:37,877: INFO: common: yaml file: config\config.yaml loaded successfully]
[2024-02-29 18:59:37,885: INFO: common: yaml file: params.yaml loaded successfully]
[2024-02-29 18:59:37,889: INFO: common: created directory at: artifacts]
[2024-02-29 18:59:37,891: INFO: common: created directory at: artifacts/data_ingestion]
[2024-03-07 11:30:31,707: INFO: common: yaml file: config\config.yaml loaded successfully]
[2024-03-07 11:30:31,732: INFO: common: yaml file: params.yaml loaded successfully]
[2024-03-07 11:30:31,736: INFO: common: created directory at: artifacts]
[2024-03-07 11:30:31,736: INFO: common: created directory at: artifacts/data_ingestion]
[2024-03-07 11:48:28,517: INFO: common: yaml file: config\config.yaml loaded successfully]
[2024-03-07 11:48:28,523: INFO: common: yaml file: params.yaml loaded successfully]
[2024-03-07 11:48:28,526: INFO: common: created directory at: artifacts]
[2024-03-07 11:48:28,529: INFO: common: created directory at: artifacts/data_ingestion]
[2024-03-07 11:48:49,092: INFO: common: yaml file: config\config.yaml loaded successfully]
[2024-03-07 11:48:49,097: INFO: common: yaml file: params.yaml loaded successfully]
[2024-03-07 11:48:49,099: INFO: common: created directory at: artifacts]
[2024-03-07 11:48:49,101: INFO: common: created directory at: artifacts/data_ingestion]
[2024-03-07 11:51:40,548: INFO: common: yaml file: config\config.yaml loaded successfully]
[2024-03-07 11:51:40,558: INFO: common: yaml file: params.yaml loaded successfully]
[2024-03-07 11:51:40,560: INFO: common: created directory at: artifacts]
[2024-03-07 11:51:40,563: INFO: common: created directory at: artifacts/data_ingestion]
[2024-03-07 11:52:45,361: INFO: common: yaml file: config\config.yaml loaded successfully]
[2024-03-07 11:52:45,366: INFO: common: yaml file: params.yaml loaded successfully]
[2024-03-07 11:52:45,369: INFO: common: created directory at: artifacts]
[2024-03-07 11:52:45,372: INFO: common: created directory at: artifacts/data_ingestion]
[2024-03-07 11:52:51,719: INFO: common: yaml file: config\config.yaml loaded successfully]
[2024-03-07 11:52:51,726: INFO: common: yaml file: params.yaml loaded successfully]
[2024-03-07 11:52:51,728: INFO: common: created directory at: artifacts]
[2024-03-07 11:52:51,730: INFO: common: created directory at: artifacts/data_ingestion]
[2024-03-07 11:53:45,609: INFO: common: yaml file: config\config.yaml loaded successfully]
[2024-03-07 11:53:45,616: INFO: common: yaml file: params.yaml loaded successfully]
[2024-03-07 11:53:45,618: INFO: common: created directory at: artifacts]
[2024-03-07 11:53:45,621: INFO: common: created directory at: artifacts/data_ingestion]
[2024-03-07 11:57:43,894: INFO: common: yaml file: config\config.yaml loaded successfully]
[2024-03-07 11:57:43,901: INFO: common: yaml file: params.yaml loaded successfully]
[2024-03-07 11:57:43,903: INFO: common: created directory at: artifacts]
[2024-03-07 11:57:43,905: INFO: common: created directory at: artifacts/data_ingestion]
[2024-03-07 12:05:08,741: INFO: common: yaml file: config\config.yaml loaded successfully]
[2024-03-07 12:05:08,745: INFO: common: yaml file: params.yaml loaded successfully]
[2024-03-07 12:05:08,747: INFO: common: created directory at: artifacts]
[2024-03-07 12:05:08,750: INFO: common: created directory at: artifacts/data_ingestion]
[2024-03-07 12:14:05,954: INFO: common: yaml file: config\config.yaml loaded successfully]
[2024-03-07 12:14:05,958: INFO: common: yaml file: params.yaml loaded successfully]
[2024-03-07 12:14:05,960: INFO: common: created directory at: artifacts]
[2024-03-07 12:14:05,962: INFO: common: created directory at: artifacts/data_ingestion]
[2024-03-07 12:15:52,319: INFO: common: yaml file: config\config.yaml loaded successfully]
[2024-03-07 12:15:52,324: INFO: common: yaml file: params.yaml loaded successfully]
[2024-03-07 12:15:52,326: INFO: common: created directory at: artifacts]
[2024-03-07 12:15:52,328: INFO: common: created directory at: artifacts/data_ingestion]
[2024-03-07 12:22:54,741: INFO: common: yaml file: config\config.yaml loaded successfully]
[2024-03-07 12:22:54,747: INFO: common: yaml file: params.yaml loaded successfully]
[2024-03-07 12:22:54,749: INFO: common: created directory at: artifacts]
[2024-03-07 12:22:54,752: INFO: common: created directory at: artifacts/data_ingestion]
[2024-03-07 12:33:16,030: INFO: common: yaml file: config\config.yaml loaded successfully]
[2024-03-07 12:33:16,037: INFO: common: yaml file: params.yaml loaded successfully]
[2024-03-07 12:33:16,040: INFO: common: created directory at: artifacts]
[2024-03-07 12:33:16,042: INFO: common: created directory at: artifacts/data_ingestion]
[2024-03-07 12:38:53,387: INFO: common: yaml file: config\config.yaml loaded successfully]
[2024-03-07 12:38:53,395: INFO: common: yaml file: params.yaml loaded successfully]
[2024-03-07 12:38:53,397: INFO: common: created directory at: artifacts]
[2024-03-07 12:38:53,399: INFO: common: created directory at: artifacts/data_ingestion]
[2024-03-07 12:45:27,953: INFO: common: yaml file: config\config.yaml loaded successfully]
[2024-03-07 12:45:27,961: INFO: common: yaml file: params.yaml loaded successfully]
[2024-03-07 12:45:27,963: INFO: common: created directory at: artifacts]
[2024-03-07 12:45:27,966: INFO: common: created directory at: artifacts/data_ingestion]
[2024-03-07 13:05:21,760: INFO: common: yaml file: config\config.yaml loaded successfully]
[2024-03-07 13:05:21,766: INFO: common: yaml file: params.yaml loaded successfully]
[2024-03-07 13:05:21,769: INFO: common: created directory at: artifacts]
[2024-03-07 13:05:21,771: INFO: common: created directory at: artifacts/data_ingestion]
[2024-03-07 13:07:52,019: INFO: common: yaml file: config\config.yaml loaded successfully]
[2024-03-07 13:07:52,026: INFO: common: yaml file: params.yaml loaded successfully]
[2024-03-07 13:07:52,029: INFO: common: created directory at: artifacts]
[2024-03-07 13:07:52,033: INFO: common: created directory at: artifacts/data_ingestion]
[2024-03-07 13:07:52,035: INFO: 1682586375: File already exists of size: ~ 7718 KB]
[2024-03-07 13:10:49,556: INFO: common: yaml file: config\config.yaml loaded successfully]
[2024-03-07 13:10:49,561: INFO: common: yaml file: params.yaml loaded successfully]
[2024-03-07 13:10:49,563: INFO: common: created directory at: artifacts]
[2024-03-07 13:10:49,565: INFO: common: created directory at: artifacts/data_ingestion]
[2024-03-07 13:10:50,535: INFO: 1682586375: artifacts/data_ingestion/data.zip download! with following info: 
Server: GitHub.com
Date: Thu, 07 Mar 2024 07:40:50 GMT
Content-Type: text/html; charset=utf-8
Vary: X-PJAX, X-PJAX-Container, Turbo-Visit, Turbo-Frame, Accept-Encoding, Accept, X-Requested-With
ETag: W/"57e94dfadceff4d9b6e8099ba0661926"
Cache-Control: max-age=0, private, must-revalidate
Strict-Transport-Security: max-age=31536000; includeSubdomains; preload
X-Frame-Options: deny
X-Content-Type-Options: nosniff
X-XSS-Protection: 0
Referrer-Policy: no-referrer-when-downgrade
Content-Security-Policy: default-src 'none'; base-uri 'self'; child-src github.com/assets-cdn/worker/ gist.github.com/assets-cdn/worker/; connect-src 'self' uploads.github.com www.githubstatus.com collector.github.com raw.githubusercontent.com api.github.com github-cloud.s3.amazonaws.com github-production-repository-file-5c1aeb.s3.amazonaws.com github-production-upload-manifest-file-7fdce7.s3.amazonaws.com github-production-user-asset-6210df.s3.amazonaws.com api.githubcopilot.com objects-origin.githubusercontent.com *.actions.githubusercontent.com wss://*.actions.githubusercontent.com productionresultssa0.blob.core.windows.net/ productionresultssa1.blob.core.windows.net/ productionresultssa2.blob.core.windows.net/ productionresultssa3.blob.core.windows.net/ productionresultssa4.blob.core.windows.net/ productionresultssa5.blob.core.windows.net/ productionresultssa6.blob.core.windows.net/ productionresultssa7.blob.core.windows.net/ productionresultssa8.blob.core.windows.net/ productionresultssa9.blob.core.windows.net/ productionresultssa10.blob.core.windows.net/ productionresultssa11.blob.core.windows.net/ productionresultssa12.blob.core.windows.net/ productionresultssa13.blob.core.windows.net/ productionresultssa14.blob.core.windows.net/ productionresultssa15.blob.core.windows.net/ productionresultssa16.blob.core.windows.net/ productionresultssa17.blob.core.windows.net/ productionresultssa18.blob.core.windows.net/ productionresultssa19.blob.core.windows.net/ github-production-repository-image-32fea6.s3.amazonaws.com github-production-release-asset-2e65be.s3.amazonaws.com insights.github.com wss://alive.github.com; font-src github.githubassets.com; form-action 'self' github.com gist.github.com objects-origin.githubusercontent.com; frame-ancestors 'none'; frame-src viewscreen.githubusercontent.com notebooks.githubusercontent.com; img-src 'self' data: github.githubassets.com media.githubusercontent.com camo.githubusercontent.com identicons.github.com avatars.githubusercontent.com github-cloud.s3.amazonaws.com objects.githubusercontent.com secured-user-images.githubusercontent.com/ user-images.githubusercontent.com/ private-user-images.githubusercontent.com opengraph.githubassets.com github-production-user-asset-6210df.s3.amazonaws.com customer-stories-feed.github.com spotlights-feed.github.com objects-origin.githubusercontent.com *.githubusercontent.com; manifest-src 'self'; media-src github.com user-images.githubusercontent.com/ secured-user-images.githubusercontent.com/ private-user-images.githubusercontent.com github-production-user-asset-6210df.s3.amazonaws.com gist.github.com; script-src github.githubassets.com; style-src 'unsafe-inline' github.githubassets.com; upgrade-insecure-requests; worker-src github.com/assets-cdn/worker/ gist.github.com/assets-cdn/worker/
Set-Cookie: _gh_sess=j2vNBe94s9itR7sgEfmrwvKvrfRT1tY%2Bz7NyVr5lIcuEdGQMY%2Fjdvvvej43N6FdXluimBdTDUt0DHKQljPIk5q02ugyXmL5enl6gMCJ1Pn5xyF3K0hWRTxPsI6fwLC7Z4KKB3OWTGTul%2FSWRxzCQO2vBFq4RzXWo0aJFsj7yfItLldk07bpoPaDYOiBs13wVYJR7Ty3hfUHeyl7PeyrHqotrK1OKiU38gIryaxAoiSZeyDx2s8YUgZuhbOvdZ3LTSLx65HKezTVi%2FNpbnooDBQ%3D%3D--9UUHZcv%2BJ%2FX%2B7B92--D2LftYTvga9mA7gfAqVanQ%3D%3D; Path=/; HttpOnly; Secure; SameSite=Lax
Set-Cookie: _octo=GH1.1.1077041960.1709797249; Path=/; Domain=github.com; Expires=Fri, 07 Mar 2025 07:40:49 GMT; Secure; SameSite=Lax
Set-Cookie: logged_in=no; Path=/; Domain=github.com; Expires=Fri, 07 Mar 2025 07:40:49 GMT; HttpOnly; Secure; SameSite=Lax
Accept-Ranges: bytes
Transfer-Encoding: chunked
X-GitHub-Request-Id: F047:FF007:307A05:351B4B:65E96F81
connection: close

]
[2024-03-07 13:11:21,757: INFO: common: yaml file: config\config.yaml loaded successfully]
[2024-03-07 13:11:21,764: INFO: common: yaml file: params.yaml loaded successfully]
[2024-03-07 13:11:21,766: INFO: common: created directory at: artifacts]
[2024-03-07 13:11:21,769: INFO: common: created directory at: artifacts/data_ingestion]
[2024-03-07 13:11:21,770: INFO: 1682586375: File already exists of size: ~ 145 KB]
[2024-03-07 13:11:54,581: INFO: common: yaml file: config\config.yaml loaded successfully]
[2024-03-07 13:11:54,588: INFO: common: yaml file: params.yaml loaded successfully]
[2024-03-07 13:11:54,591: INFO: common: created directory at: artifacts]
[2024-03-07 13:11:54,593: INFO: common: created directory at: artifacts/data_ingestion]
[2024-03-07 13:11:54,596: INFO: 1682586375: File already exists of size: ~ 7718 KB]
